f:\development\backup\qgrepsearchtool\qgrepinterop\x64\release\qgrepinterop.pch
f:\development\backup\qgrepsearchtool\qgrepinterop\x64\release\vc142.pdb
f:\development\backup\qgrepsearchtool\qgrepinterop\x64\release\pch.obj
f:\development\backup\qgrepsearchtool\qgrepinterop\x64\release\qgrepinterop.obj
f:\development\backup\qgrepsearchtool\qgrepinterop\x64\release\assemblyinfo.obj
f:\development\backup\qgrepsearchtool\qgrepinterop\x64\release\.netframework,version=v4.7.2.assemblyattributes.obj
f:\development\backup\qgrepsearchtool\x64\release\qgrepinterop.dll
f:\development\backup\qgrepsearchtool\x64\release\qgrepinterop.pdb
f:\development\backup\qgrepsearchtool\qgrepinterop\x64\release\app.res
f:\development\backup\qgrepsearchtool\qgrepinterop\x64\release\qgrepinterop.vcxproj.assemblyreference.cache
f:\development\backup\qgrepsearchtool\qgrepinterop\x64\release\qgrepinterop.tlog\cl.command.1.tlog
f:\development\backup\qgrepsearchtool\qgrepinterop\x64\release\qgrepinterop.tlog\cl.read.1.tlog
f:\development\backup\qgrepsearchtool\qgrepinterop\x64\release\qgrepinterop.tlog\cl.write.1.tlog
f:\development\backup\qgrepsearchtool\qgrepinterop\x64\release\qgrepinterop.tlog\link.command.1.tlog
f:\development\backup\qgrepsearchtool\qgrepinterop\x64\release\qgrepinterop.tlog\link.read.1.tlog
f:\development\backup\qgrepsearchtool\qgrepinterop\x64\release\qgrepinterop.tlog\link.write.1.tlog
f:\development\backup\qgrepsearchtool\qgrepinterop\x64\release\qgrepinterop.tlog\metagen.read.1.tlog
f:\development\backup\qgrepsearchtool\qgrepinterop\x64\release\qgrepinterop.tlog\metagen.write.1.tlog
f:\development\backup\qgrepsearchtool\qgrepinterop\x64\release\qgrepinterop.tlog\rc.command.1.tlog
f:\development\backup\qgrepsearchtool\qgrepinterop\x64\release\qgrepinterop.tlog\rc.read.1.tlog
f:\development\backup\qgrepsearchtool\qgrepinterop\x64\release\qgrepinterop.tlog\rc.write.1.tlog
