c:\users\sichivu\desktop\qgrepsearchtool\qgrepinterop\debug\qgrepinterop.pch
c:\users\sichivu\desktop\qgrepsearchtool\qgrepinterop\debug\vc142.pdb
c:\users\sichivu\desktop\qgrepsearchtool\qgrepinterop\debug\pch.obj
c:\users\sichivu\desktop\qgrepsearchtool\qgrepinterop\debug\qgrepinterop.obj
c:\users\sichivu\desktop\qgrepsearchtool\qgrepinterop\debug\assemblyinfo.obj
c:\users\sichivu\desktop\qgrepsearchtool\qgrepinterop\debug\.netframework,version=v4.7.2.assemblyattributes.obj
c:\users\sichivu\desktop\qgrepsearchtool\debug\qgrepinterop.dll
c:\users\sichivu\desktop\qgrepsearchtool\debug\qgrepinterop.pdb
c:\users\sichivu\desktop\qgrepsearchtool\qgrepinterop\debug\app.res
c:\users\sichivu\desktop\qgrepsearchtool\qgrepinterop\debug\qgrepinterop.tlog\cl.command.1.tlog
c:\users\sichivu\desktop\qgrepsearchtool\qgrepinterop\debug\qgrepinterop.tlog\cl.read.1.tlog
c:\users\sichivu\desktop\qgrepsearchtool\qgrepinterop\debug\qgrepinterop.tlog\cl.write.1.tlog
c:\users\sichivu\desktop\qgrepsearchtool\qgrepinterop\debug\qgrepinterop.tlog\link.command.1.tlog
c:\users\sichivu\desktop\qgrepsearchtool\qgrepinterop\debug\qgrepinterop.tlog\link.read.1.tlog
c:\users\sichivu\desktop\qgrepsearchtool\qgrepinterop\debug\qgrepinterop.tlog\link.write.1.tlog
c:\users\sichivu\desktop\qgrepsearchtool\qgrepinterop\debug\qgrepinterop.tlog\metagen.read.1.tlog
c:\users\sichivu\desktop\qgrepsearchtool\qgrepinterop\debug\qgrepinterop.tlog\metagen.write.1.tlog
c:\users\sichivu\desktop\qgrepsearchtool\qgrepinterop\debug\qgrepinterop.tlog\rc.command.1.tlog
c:\users\sichivu\desktop\qgrepsearchtool\qgrepinterop\debug\qgrepinterop.tlog\rc.read.1.tlog
c:\users\sichivu\desktop\qgrepsearchtool\qgrepinterop\debug\qgrepinterop.tlog\rc.write.1.tlog
