c:\users\sichivu\desktop\asynctoolwindow\qgrepinterop\release\qgrepinterop.pch
c:\users\sichivu\desktop\asynctoolwindow\qgrepinterop\release\vc142.pdb
c:\users\sichivu\desktop\asynctoolwindow\qgrepinterop\release\pch.obj
c:\users\sichivu\desktop\asynctoolwindow\qgrepinterop\release\qgrepinterop.obj
c:\users\sichivu\desktop\asynctoolwindow\qgrepinterop\release\assemblyinfo.obj
c:\users\sichivu\desktop\asynctoolwindow\qgrepinterop\release\.netframework,version=v4.6.assemblyattributes.obj
c:\users\sichivu\desktop\asynctoolwindow\qgrepinterop\release\app.res
c:\users\sichivu\desktop\asynctoolwindow\release\qgrepinterop.pdb
c:\users\sichivu\desktop\asynctoolwindow\qgrepinterop\release\qgrepinterop.tlog\cl.command.1.tlog
c:\users\sichivu\desktop\asynctoolwindow\qgrepinterop\release\qgrepinterop.tlog\cl.read.1.tlog
c:\users\sichivu\desktop\asynctoolwindow\qgrepinterop\release\qgrepinterop.tlog\cl.write.1.tlog
c:\users\sichivu\desktop\asynctoolwindow\qgrepinterop\release\qgrepinterop.tlog\link.35904-cvtres.read.1.tlog
c:\users\sichivu\desktop\asynctoolwindow\qgrepinterop\release\qgrepinterop.tlog\link.35904-cvtres.write.1.tlog
c:\users\sichivu\desktop\asynctoolwindow\qgrepinterop\release\qgrepinterop.tlog\link.35904-rc.read.1.tlog
c:\users\sichivu\desktop\asynctoolwindow\qgrepinterop\release\qgrepinterop.tlog\link.35904-rc.write.1.tlog
c:\users\sichivu\desktop\asynctoolwindow\qgrepinterop\release\qgrepinterop.tlog\link.35904.read.1.tlog
c:\users\sichivu\desktop\asynctoolwindow\qgrepinterop\release\qgrepinterop.tlog\link.35904.read.2.tlog
c:\users\sichivu\desktop\asynctoolwindow\qgrepinterop\release\qgrepinterop.tlog\link.35904.write.1.tlog
c:\users\sichivu\desktop\asynctoolwindow\qgrepinterop\release\qgrepinterop.tlog\link.8700-cvtres.read.1.tlog
c:\users\sichivu\desktop\asynctoolwindow\qgrepinterop\release\qgrepinterop.tlog\link.8700-cvtres.write.1.tlog
c:\users\sichivu\desktop\asynctoolwindow\qgrepinterop\release\qgrepinterop.tlog\link.8700-rc.read.1.tlog
c:\users\sichivu\desktop\asynctoolwindow\qgrepinterop\release\qgrepinterop.tlog\link.8700-rc.write.1.tlog
c:\users\sichivu\desktop\asynctoolwindow\qgrepinterop\release\qgrepinterop.tlog\link.8700.read.1.tlog
c:\users\sichivu\desktop\asynctoolwindow\qgrepinterop\release\qgrepinterop.tlog\link.8700.read.2.tlog
c:\users\sichivu\desktop\asynctoolwindow\qgrepinterop\release\qgrepinterop.tlog\link.8700.write.1.tlog
c:\users\sichivu\desktop\asynctoolwindow\qgrepinterop\release\qgrepinterop.tlog\link.command.1.tlog
c:\users\sichivu\desktop\asynctoolwindow\qgrepinterop\release\qgrepinterop.tlog\link.read.1.tlog
c:\users\sichivu\desktop\asynctoolwindow\qgrepinterop\release\qgrepinterop.tlog\link.write.1.tlog
c:\users\sichivu\desktop\asynctoolwindow\qgrepinterop\release\qgrepinterop.tlog\metagen.read.1.tlog
c:\users\sichivu\desktop\asynctoolwindow\qgrepinterop\release\qgrepinterop.tlog\metagen.write.1.tlog
c:\users\sichivu\desktop\asynctoolwindow\qgrepinterop\release\qgrepinterop.tlog\rc.command.1.tlog
c:\users\sichivu\desktop\asynctoolwindow\qgrepinterop\release\qgrepinterop.tlog\rc.read.1.tlog
c:\users\sichivu\desktop\asynctoolwindow\qgrepinterop\release\qgrepinterop.tlog\rc.write.1.tlog
